#! /usr/bin/vvp
:ivl_version "0.9.7 " "(v0_9_7)";
:vpi_time_precision - 11;
:vpi_module "system";
:vpi_module "v2005_math";
:vpi_module "va_math";
S_0x12da710 .scope module, "cl_tb" "cl_tb" 2 5;
 .timescale -9 -11;
v0x12f0770_0 .var "test_a", 0 0;
v0x12f0820_0 .var "test_b", 0 0;
v0x12f08d0_0 .net "test_output", 0 0, v0x12f0010_0; 1 drivers
v0x12f09a0_0 .var "test_s", 1 0;
S_0x12da800 .scope module, "mi_cl" "cl" 2 13, 3 3, S_0x12da710;
 .timescale -9 -11;
L_0x12f0a70 .functor AND 1, v0x12f0770_0, v0x12f0820_0, C4<1>, C4<1>;
L_0x12f0bc0 .functor OR 1, v0x12f0770_0, v0x12f0820_0, C4<0>, C4<0>;
L_0x12f0c70 .functor XOR 1, v0x12f0770_0, v0x12f0820_0, C4<0>, C4<0>;
L_0x12f0e40 .functor NOT 1, v0x12f0770_0, C4<0>, C4<0>, C4<0>;
v0x12f0190_0 .net "a", 0 0, v0x12f0770_0; 1 drivers
v0x12f0250_0 .net "b", 0 0, v0x12f0820_0; 1 drivers
v0x12f02f0_0 .alias "out", 0 0, v0x12f08d0_0;
v0x12f0370_0 .net "s", 1 0, v0x12f09a0_0; 1 drivers
v0x12f0450_0 .net "salida_and", 0 0, L_0x12f0a70; 1 drivers
v0x12f0500_0 .net "salida_not", 0 0, L_0x12f0e40; 1 drivers
v0x12f05c0_0 .net "salida_or", 0 0, L_0x12f0bc0; 1 drivers
v0x12f0670_0 .net "salida_xor", 0 0, L_0x12f0c70; 1 drivers
S_0x12a0690 .scope module, "mi_mux4" "mux4_1" 3 12, 4 3, S_0x12da800;
 .timescale -9 -11;
v0x12dce60_0 .alias "a", 0 0, v0x12f0450_0;
v0x12efe20_0 .alias "b", 0 0, v0x12f05c0_0;
v0x12efec0_0 .alias "c", 0 0, v0x12f0670_0;
v0x12eff60_0 .alias "d", 0 0, v0x12f0500_0;
v0x12f0010_0 .var "out", 0 0;
v0x12f00b0_0 .alias "s", 1 0, v0x12f0370_0;
E_0x12b4280/0 .event edge, v0x12f00b0_0, v0x12eff60_0, v0x12efec0_0, v0x12efe20_0;
E_0x12b4280/1 .event edge, v0x12dce60_0;
E_0x12b4280 .event/or E_0x12b4280/0, E_0x12b4280/1;
    .scope S_0x12a0690;
T_0 ;
    %wait E_0x12b4280;
    %load/v 8, v0x12f00b0_0, 2;
    %cmpi/u 8, 0, 2;
    %jmp/1 T_0.0, 6;
    %cmpi/u 8, 1, 2;
    %jmp/1 T_0.1, 6;
    %cmpi/u 8, 2, 2;
    %jmp/1 T_0.2, 6;
    %cmpi/u 8, 3, 2;
    %jmp/1 T_0.3, 6;
    %set/v v0x12f0010_0, 2, 1;
    %jmp T_0.5;
T_0.0 ;
    %load/v 8, v0x12dce60_0, 1;
    %set/v v0x12f0010_0, 8, 1;
    %jmp T_0.5;
T_0.1 ;
    %load/v 8, v0x12efe20_0, 1;
    %set/v v0x12f0010_0, 8, 1;
    %jmp T_0.5;
T_0.2 ;
    %load/v 8, v0x12efec0_0, 1;
    %set/v v0x12f0010_0, 8, 1;
    %jmp T_0.5;
T_0.3 ;
    %load/v 8, v0x12eff60_0, 1;
    %set/v v0x12f0010_0, 8, 1;
    %jmp T_0.5;
T_0.5 ;
    %jmp T_0;
    .thread T_0, $push;
    .scope S_0x12da710;
T_1 ;
    %vpi_call 2 18 "$monitor", "tiempo=%0d a=%b b=%b >> output=%b", $time, v0x12f0770_0, v0x12f0820_0, v0x12f08d0_0;
    %vpi_call 2 23 "$display", "\012Para s=00:\012";
    %set/v v0x12f09a0_0, 0, 2;
    %set/v v0x12f0770_0, 0, 1;
    %set/v v0x12f0820_0, 0, 1;
    %delay 2000, 0;
    %set/v v0x12f0770_0, 0, 1;
    %set/v v0x12f0820_0, 1, 1;
    %delay 2000, 0;
    %set/v v0x12f0770_0, 1, 1;
    %set/v v0x12f0820_0, 0, 1;
    %delay 2000, 0;
    %set/v v0x12f0770_0, 1, 1;
    %set/v v0x12f0820_0, 1, 1;
    %delay 2000, 0;
    %vpi_call 2 42 "$display", "\012Para s=01:\012";
    %movi 8, 1, 2;
    %set/v v0x12f09a0_0, 8, 2;
    %set/v v0x12f0770_0, 0, 1;
    %set/v v0x12f0820_0, 0, 1;
    %delay 2000, 0;
    %set/v v0x12f0770_0, 0, 1;
    %set/v v0x12f0820_0, 1, 1;
    %delay 2000, 0;
    %set/v v0x12f0770_0, 1, 1;
    %set/v v0x12f0820_0, 0, 1;
    %delay 2000, 0;
    %set/v v0x12f0770_0, 1, 1;
    %set/v v0x12f0820_0, 1, 1;
    %delay 2000, 0;
    %vpi_call 2 61 "$display", "\012Para s=10:\012";
    %movi 8, 2, 2;
    %set/v v0x12f09a0_0, 8, 2;
    %set/v v0x12f0770_0, 0, 1;
    %set/v v0x12f0820_0, 0, 1;
    %delay 2000, 0;
    %set/v v0x12f0770_0, 0, 1;
    %set/v v0x12f0820_0, 1, 1;
    %delay 2000, 0;
    %set/v v0x12f0770_0, 1, 1;
    %set/v v0x12f0820_0, 0, 1;
    %delay 2000, 0;
    %set/v v0x12f0770_0, 1, 1;
    %set/v v0x12f0820_0, 1, 1;
    %delay 2000, 0;
    %vpi_call 2 80 "$display", "\012Para s=11:\012";
    %set/v v0x12f09a0_0, 1, 2;
    %set/v v0x12f0770_0, 0, 1;
    %set/v v0x12f0820_0, 0, 1;
    %delay 2000, 0;
    %set/v v0x12f0770_0, 0, 1;
    %set/v v0x12f0820_0, 1, 1;
    %delay 2000, 0;
    %set/v v0x12f0770_0, 1, 1;
    %set/v v0x12f0820_0, 0, 1;
    %delay 2000, 0;
    %set/v v0x12f0770_0, 1, 1;
    %set/v v0x12f0820_0, 1, 1;
    %delay 2000, 0;
    %vpi_call 2 99 "$finish";
    %end;
    .thread T_1;
# The file index is used to find the file name in the following table.
:file_names 5;
    "N/A";
    "<interactive>";
    "cl_tb.v";
    "cl.v";
    "../mux_4_1/mux4_1.v";
