#! /usr/bin/vvp
:ivl_version "0.9.7 " "(v0_9_7)";
:vpi_time_precision - 11;
:vpi_module "system";
:vpi_module "v2005_math";
:vpi_module "va_math";
S_0x1ea7330 .scope module, "cal_tb" "cal_tb" 2 5;
 .timescale -9 -11;
v0x1ec3d50_0 .var "test_a", 0 0;
v0x1ec3dd0_0 .var "test_b", 0 0;
v0x1ec3e50_0 .var "test_cin", 0 0;
v0x1ec3f20_0 .net "test_cout", 0 0, L_0x1ec4210; 1 drivers
v0x1ec3ff0_0 .var "test_l", 0 0;
v0x1ec40c0_0 .net "test_out", 0 0, L_0x1ec4e50; 1 drivers
v0x1ec4190_0 .var "test_s", 1 0;
S_0x1ea7420 .scope module, "mical" "cal" 2 13, 3 3, S_0x1ea7330;
 .timescale -9 -11;
v0x1ec3730_0 .net "a", 0 0, v0x1ec3d50_0; 1 drivers
v0x1ec37b0_0 .net "b", 0 0, v0x1ec3dd0_0; 1 drivers
v0x1ec3880_0 .net "c_in", 0 0, v0x1ec3e50_0; 1 drivers
v0x1ec3900_0 .alias "c_out", 0 0, v0x1ec3f20_0;
v0x1ec39b0_0 .net "l", 0 0, v0x1ec3ff0_0; 1 drivers
v0x1ec3a60_0 .alias "out", 0 0, v0x1ec40c0_0;
v0x1ec3ae0_0 .net "s", 1 0, v0x1ec4190_0; 1 drivers
v0x1ec3bb0_0 .net "salida_cl", 0 0, v0x1ec2690_0; 1 drivers
v0x1ec3c80_0 .net "salida_fa", 0 0, L_0x1ec42b0; 1 drivers
S_0x1ec2dd0 .scope module, "mifa" "fa" 3 7, 4 3, S_0x1ea7420;
 .timescale -9 -11;
v0x1ec2ec0_0 .net *"_s10", 0 0, C4<0>; 1 drivers
v0x1ec2f40_0 .net *"_s11", 1 0, L_0x1ec4680; 1 drivers
v0x1ec2fc0_0 .net *"_s13", 1 0, L_0x1ec4830; 1 drivers
v0x1ec3040_0 .net *"_s16", 0 0, C4<0>; 1 drivers
v0x1ec30f0_0 .net *"_s17", 1 0, L_0x1ec49a0; 1 drivers
v0x1ec3170_0 .net *"_s3", 1 0, L_0x1ec43a0; 1 drivers
v0x1ec31f0_0 .net *"_s6", 0 0, C4<0>; 1 drivers
v0x1ec3290_0 .net *"_s7", 1 0, L_0x1ec4510; 1 drivers
v0x1ec3380_0 .alias "a", 0 0, v0x1ec3730_0;
v0x1ec3400_0 .alias "b", 0 0, v0x1ec37b0_0;
v0x1ec3510_0 .alias "cin", 0 0, v0x1ec3880_0;
v0x1ec3590_0 .alias "cout", 0 0, v0x1ec3f20_0;
v0x1ec3680_0 .alias "sum", 0 0, v0x1ec3c80_0;
L_0x1ec4210 .part L_0x1ec49a0, 1, 1;
L_0x1ec42b0 .part L_0x1ec49a0, 0, 1;
L_0x1ec43a0 .concat [ 1 1 0 0], v0x1ec3d50_0, C4<0>;
L_0x1ec4510 .concat [ 1 1 0 0], v0x1ec3dd0_0, C4<0>;
L_0x1ec4680 .arith/sum 2, L_0x1ec43a0, L_0x1ec4510;
L_0x1ec4830 .concat [ 1 1 0 0], v0x1ec3e50_0, C4<0>;
L_0x1ec49a0 .arith/sum 2, L_0x1ec4680, L_0x1ec4830;
S_0x1ec2180 .scope module, "micl" "cl" 3 8, 5 3, S_0x1ea7420;
 .timescale -9 -11;
L_0x1ec3480 .functor AND 1, v0x1ec3d50_0, v0x1ec3dd0_0, C4<1>, C4<1>;
L_0x1ec4b30 .functor OR 1, v0x1ec3d50_0, v0x1ec3dd0_0, C4<0>, C4<0>;
L_0x1ec4be0 .functor XOR 1, v0x1ec3d50_0, v0x1ec3dd0_0, C4<0>, C4<0>;
L_0x1ec4c90 .functor NOT 1, v0x1ec3d50_0, C4<0>, C4<0>, C4<0>;
v0x1ec2800_0 .alias "a", 0 0, v0x1ec3730_0;
v0x1ec28c0_0 .alias "b", 0 0, v0x1ec37b0_0;
v0x1ec2960_0 .alias "out", 0 0, v0x1ec3bb0_0;
v0x1ec2a30_0 .alias "s", 1 0, v0x1ec3ae0_0;
v0x1ec2ab0_0 .net "salida_and", 0 0, L_0x1ec3480; 1 drivers
v0x1ec2b60_0 .net "salida_not", 0 0, L_0x1ec4c90; 1 drivers
v0x1ec2c20_0 .net "salida_or", 0 0, L_0x1ec4b30; 1 drivers
v0x1ec2cd0_0 .net "salida_xor", 0 0, L_0x1ec4be0; 1 drivers
S_0x1ec2270 .scope module, "mi_mux4" "mux4_1" 5 12, 6 3, S_0x1ec2180;
 .timescale -9 -11;
v0x1ec23e0_0 .alias "a", 0 0, v0x1ec2ab0_0;
v0x1ec24a0_0 .alias "b", 0 0, v0x1ec2c20_0;
v0x1ec2540_0 .alias "c", 0 0, v0x1ec2cd0_0;
v0x1ec25e0_0 .alias "d", 0 0, v0x1ec2b60_0;
v0x1ec2690_0 .var "out", 0 0;
v0x1ec2740_0 .alias "s", 1 0, v0x1ec3ae0_0;
E_0x1ec2360/0 .event edge, v0x1ec2740_0, v0x1ec25e0_0, v0x1ec2540_0, v0x1ec24a0_0;
E_0x1ec2360/1 .event edge, v0x1ec23e0_0;
E_0x1ec2360 .event/or E_0x1ec2360/0, E_0x1ec2360/1;
S_0x1e6e690 .scope module, "mi_mux21" "mux2_1" 3 10, 7 3, S_0x1ea7420;
 .timescale -9 -11;
v0x1ead2e0_0 .alias "a", 0 0, v0x1ec3c80_0;
v0x1ec1f90_0 .alias "b", 0 0, v0x1ec3bb0_0;
v0x1ec2030_0 .alias "out", 0 0, v0x1ec40c0_0;
v0x1ec20d0_0 .alias "s", 0 0, v0x1ec39b0_0;
L_0x1ec4e50 .functor MUXZ 1, L_0x1ec42b0, v0x1ec2690_0, v0x1ec3ff0_0, C4<>;
    .scope S_0x1ec2270;
T_0 ;
    %wait E_0x1ec2360;
    %load/v 8, v0x1ec2740_0, 2;
    %cmpi/u 8, 0, 2;
    %jmp/1 T_0.0, 6;
    %cmpi/u 8, 1, 2;
    %jmp/1 T_0.1, 6;
    %cmpi/u 8, 2, 2;
    %jmp/1 T_0.2, 6;
    %cmpi/u 8, 3, 2;
    %jmp/1 T_0.3, 6;
    %set/v v0x1ec2690_0, 2, 1;
    %jmp T_0.5;
T_0.0 ;
    %load/v 8, v0x1ec23e0_0, 1;
    %set/v v0x1ec2690_0, 8, 1;
    %jmp T_0.5;
T_0.1 ;
    %load/v 8, v0x1ec24a0_0, 1;
    %set/v v0x1ec2690_0, 8, 1;
    %jmp T_0.5;
T_0.2 ;
    %load/v 8, v0x1ec2540_0, 1;
    %set/v v0x1ec2690_0, 8, 1;
    %jmp T_0.5;
T_0.3 ;
    %load/v 8, v0x1ec25e0_0, 1;
    %set/v v0x1ec2690_0, 8, 1;
    %jmp T_0.5;
T_0.5 ;
    %jmp T_0;
    .thread T_0, $push;
    .scope S_0x1ea7330;
T_1 ;
    %vpi_call 2 17 "$monitor", "tiempo=%0d a=%b b=%b cin=%b s=%2b >> out=%b / cout=%b \012", $time, v0x1ec3d50_0, v0x1ec3dd0_0, v0x1ec3e50_0, v0x1ec4190_0, v0x1ec40c0_0, v0x1ec3f20_0;
    %vpi_call 2 22 "$display", "Para l=1\012";
    %set/v v0x1ec3ff0_0, 1, 1;
    %set/v v0x1ec4190_0, 0, 2;
    %set/v v0x1ec3d50_0, 0, 1;
    %set/v v0x1ec3dd0_0, 0, 1;
    %set/v v0x1ec3e50_0, 0, 1;
    %delay 2000, 0;
    %set/v v0x1ec3d50_0, 0, 1;
    %set/v v0x1ec3dd0_0, 0, 1;
    %set/v v0x1ec3e50_0, 1, 1;
    %delay 2000, 0;
    %set/v v0x1ec3d50_0, 0, 1;
    %set/v v0x1ec3dd0_0, 1, 1;
    %set/v v0x1ec3e50_0, 0, 1;
    %delay 2000, 0;
    %set/v v0x1ec3d50_0, 0, 1;
    %set/v v0x1ec3dd0_0, 1, 1;
    %set/v v0x1ec3e50_0, 1, 1;
    %delay 2000, 0;
    %set/v v0x1ec3d50_0, 1, 1;
    %set/v v0x1ec3dd0_0, 0, 1;
    %set/v v0x1ec3e50_0, 0, 1;
    %delay 2000, 0;
    %set/v v0x1ec3d50_0, 1, 1;
    %set/v v0x1ec3dd0_0, 0, 1;
    %set/v v0x1ec3e50_0, 1, 1;
    %delay 2000, 0;
    %set/v v0x1ec3d50_0, 1, 1;
    %set/v v0x1ec3dd0_0, 1, 1;
    %set/v v0x1ec3e50_0, 0, 1;
    %delay 2000, 0;
    %set/v v0x1ec3d50_0, 1, 1;
    %set/v v0x1ec3dd0_0, 1, 1;
    %set/v v0x1ec3e50_0, 1, 1;
    %delay 2000, 0;
    %vpi_call 2 66 "$finish";
    %end;
    .thread T_1;
# The file index is used to find the file name in the following table.
:file_names 8;
    "N/A";
    "<interactive>";
    "cal_tb.v";
    "cal.v";
    "../full_adder/fa.v";
    "../celda_logica/cl.v";
    "../mux_4_1/mux4_1.v";
    "mux2_1.v";
