#! /usr/bin/vvp
:ivl_version "0.9.7 " "(v0_9_7)";
:vpi_time_precision - 11;
:vpi_module "system";
:vpi_module "v2005_math";
:vpi_module "va_math";
S_0x1d6c0f0 .scope module, "compl1_tb" "compl1_tb" 2 5;
 .timescale -9 -11;
v0x1d7d8b0_0 .var "test_Ent", 3 0;
v0x1d7d980_0 .net "test_Sal", 3 0, L_0x1d7dbc0; 1 drivers
v0x1d7da30_0 .var "test_cp1", 0 0;
S_0x1d6c1e0 .scope module, "micompl1" "compl1" 2 13, 3 3, S_0x1d6c0f0;
 .timescale -9 -11;
L_0x1d7dae0 .functor NOT 4, v0x1d7d8b0_0, C4<0000>, C4<0000>, C4<0000>;
v0x1d42bf0_0 .net "Ent", 3 0, v0x1d7d8b0_0; 1 drivers
v0x1d7d6c0_0 .alias "Sal", 3 0, v0x1d7d980_0;
v0x1d7d760_0 .net *"_s0", 3 0, L_0x1d7dae0; 1 drivers
v0x1d7d800_0 .net "cpl", 0 0, v0x1d7da30_0; 1 drivers
L_0x1d7dbc0 .functor MUXZ 4, v0x1d7d8b0_0, L_0x1d7dae0, v0x1d7da30_0, C4<>;
    .scope S_0x1d6c0f0;
T_0 ;
    %vpi_call 2 17 "$monitor", "tiempo=%0d Ent=%4b >> Sal=%4b\012", $time, v0x1d7d8b0_0, v0x1d7d980_0;
    %vpi_call 2 21 "$display", "cp1 = 0\012";
    %set/v v0x1d7da30_0, 0, 1;
    %set/v v0x1d7d8b0_0, 0, 4;
    %delay 2000, 0;
    %movi 8, 1, 4;
    %set/v v0x1d7d8b0_0, 8, 4;
    %delay 2000, 0;
    %movi 8, 2, 4;
    %set/v v0x1d7d8b0_0, 8, 4;
    %delay 2000, 0;
    %movi 8, 3, 4;
    %set/v v0x1d7d8b0_0, 8, 4;
    %delay 2000, 0;
    %movi 8, 4, 4;
    %set/v v0x1d7d8b0_0, 8, 4;
    %delay 2000, 0;
    %movi 8, 5, 4;
    %set/v v0x1d7d8b0_0, 8, 4;
    %delay 2000, 0;
    %movi 8, 6, 4;
    %set/v v0x1d7d8b0_0, 8, 4;
    %delay 2000, 0;
    %movi 8, 7, 4;
    %set/v v0x1d7d8b0_0, 8, 4;
    %delay 2000, 0;
    %movi 8, 8, 4;
    %set/v v0x1d7d8b0_0, 8, 4;
    %delay 2000, 0;
    %movi 8, 9, 4;
    %set/v v0x1d7d8b0_0, 8, 4;
    %delay 2000, 0;
    %movi 8, 10, 4;
    %set/v v0x1d7d8b0_0, 8, 4;
    %delay 2000, 0;
    %movi 8, 11, 4;
    %set/v v0x1d7d8b0_0, 8, 4;
    %delay 2000, 0;
    %movi 8, 12, 4;
    %set/v v0x1d7d8b0_0, 8, 4;
    %delay 2000, 0;
    %movi 8, 13, 4;
    %set/v v0x1d7d8b0_0, 8, 4;
    %delay 2000, 0;
    %movi 8, 14, 4;
    %set/v v0x1d7d8b0_0, 8, 4;
    %delay 2000, 0;
    %set/v v0x1d7d8b0_0, 1, 4;
    %delay 2000, 0;
    %vpi_call 2 57 "$display", "cp1 = 1\012";
    %set/v v0x1d7da30_0, 1, 1;
    %set/v v0x1d7d8b0_0, 0, 4;
    %delay 2000, 0;
    %movi 8, 1, 4;
    %set/v v0x1d7d8b0_0, 8, 4;
    %delay 2000, 0;
    %movi 8, 2, 4;
    %set/v v0x1d7d8b0_0, 8, 4;
    %delay 2000, 0;
    %movi 8, 3, 4;
    %set/v v0x1d7d8b0_0, 8, 4;
    %delay 2000, 0;
    %movi 8, 4, 4;
    %set/v v0x1d7d8b0_0, 8, 4;
    %delay 2000, 0;
    %movi 8, 5, 4;
    %set/v v0x1d7d8b0_0, 8, 4;
    %delay 2000, 0;
    %movi 8, 6, 4;
    %set/v v0x1d7d8b0_0, 8, 4;
    %delay 2000, 0;
    %movi 8, 7, 4;
    %set/v v0x1d7d8b0_0, 8, 4;
    %delay 2000, 0;
    %movi 8, 8, 4;
    %set/v v0x1d7d8b0_0, 8, 4;
    %delay 2000, 0;
    %movi 8, 9, 4;
    %set/v v0x1d7d8b0_0, 8, 4;
    %delay 2000, 0;
    %movi 8, 10, 4;
    %set/v v0x1d7d8b0_0, 8, 4;
    %delay 2000, 0;
    %movi 8, 11, 4;
    %set/v v0x1d7d8b0_0, 8, 4;
    %delay 2000, 0;
    %movi 8, 12, 4;
    %set/v v0x1d7d8b0_0, 8, 4;
    %delay 2000, 0;
    %movi 8, 13, 4;
    %set/v v0x1d7d8b0_0, 8, 4;
    %delay 2000, 0;
    %movi 8, 14, 4;
    %set/v v0x1d7d8b0_0, 8, 4;
    %delay 2000, 0;
    %set/v v0x1d7d8b0_0, 1, 4;
    %delay 2000, 0;
    %vpi_call 2 93 "$finish";
    %end;
    .thread T_0;
# The file index is used to find the file name in the following table.
:file_names 4;
    "N/A";
    "<interactive>";
    "compl1_tb.v";
    "compl1.v";
