#! /usr/bin/vvp
:ivl_version "0.9.7 " "(v0_9_7)";
:vpi_time_precision - 11;
:vpi_module "system";
:vpi_module "v2005_math";
:vpi_module "va_math";
S_0x2305260 .scope module, "mux4_1_tb" "mux4_1_tb" 2 5;
 .timescale -9 -11;
v0x23211c0_0 .var "test_a", 0 0;
v0x2321260_0 .var "test_b", 0 0;
v0x2321310_0 .var "test_c", 0 0;
v0x23213c0_0 .var "test_d", 0 0;
v0x23214a0_0 .net "test_output", 0 0, v0x2321040_0; 1 drivers
v0x2321550_0 .var "test_s", 1 0;
S_0x2305350 .scope module, "mux41" "mux4_1" 2 13, 3 3, S_0x2305260;
 .timescale -9 -11;
v0x2306690_0 .net "a", 0 0, v0x23211c0_0; 1 drivers
v0x2320e50_0 .net "b", 0 0, v0x2321260_0; 1 drivers
v0x2320ef0_0 .net "c", 0 0, v0x2321310_0; 1 drivers
v0x2320f90_0 .net "d", 0 0, v0x23213c0_0; 1 drivers
v0x2321040_0 .var "out", 0 0;
v0x23210e0_0 .net "s", 1 0, v0x2321550_0; 1 drivers
E_0x22d1ea0/0 .event edge, v0x23210e0_0, v0x2320f90_0, v0x2320ef0_0, v0x2320e50_0;
E_0x22d1ea0/1 .event edge, v0x2306690_0;
E_0x22d1ea0 .event/or E_0x22d1ea0/0, E_0x22d1ea0/1;
    .scope S_0x2305350;
T_0 ;
    %wait E_0x22d1ea0;
    %load/v 8, v0x23210e0_0, 2;
    %cmpi/u 8, 0, 2;
    %jmp/1 T_0.0, 6;
    %cmpi/u 8, 1, 2;
    %jmp/1 T_0.1, 6;
    %cmpi/u 8, 2, 2;
    %jmp/1 T_0.2, 6;
    %cmpi/u 8, 3, 2;
    %jmp/1 T_0.3, 6;
    %set/v v0x2321040_0, 2, 1;
    %jmp T_0.5;
T_0.0 ;
    %load/v 8, v0x2306690_0, 1;
    %set/v v0x2321040_0, 8, 1;
    %jmp T_0.5;
T_0.1 ;
    %load/v 8, v0x2320e50_0, 1;
    %set/v v0x2321040_0, 8, 1;
    %jmp T_0.5;
T_0.2 ;
    %load/v 8, v0x2320ef0_0, 1;
    %set/v v0x2321040_0, 8, 1;
    %jmp T_0.5;
T_0.3 ;
    %load/v 8, v0x2320f90_0, 1;
    %set/v v0x2321040_0, 8, 1;
    %jmp T_0.5;
T_0.5 ;
    %jmp T_0;
    .thread T_0, $push;
    .scope S_0x2305260;
T_1 ;
    %vpi_call 2 18 "$monitor", "tiempo=%0d a=%b b=%b c=%b d=%b >> output=%b \012", $time, v0x23211c0_0, v0x2321260_0, v0x2321310_0, v0x23213c0_0, v0x23214a0_0;
    %vpi_call 2 23 "$display", "Para s=00 \012";
    %set/v v0x23211c0_0, 0, 1;
    %set/v v0x2321260_0, 0, 1;
    %set/v v0x2321310_0, 0, 1;
    %set/v v0x23213c0_0, 0, 1;
    %set/v v0x2321550_0, 0, 2;
    %delay 2000, 0;
    %set/v v0x23211c0_0, 0, 1;
    %set/v v0x2321260_0, 0, 1;
    %set/v v0x2321310_0, 0, 1;
    %set/v v0x23213c0_0, 1, 1;
    %set/v v0x2321550_0, 0, 2;
    %delay 2000, 0;
    %set/v v0x23211c0_0, 0, 1;
    %set/v v0x2321260_0, 0, 1;
    %set/v v0x2321310_0, 1, 1;
    %set/v v0x23213c0_0, 1, 1;
    %set/v v0x2321550_0, 0, 2;
    %delay 2000, 0;
    %set/v v0x23211c0_0, 0, 1;
    %set/v v0x2321260_0, 1, 1;
    %set/v v0x2321310_0, 0, 1;
    %set/v v0x23213c0_0, 1, 1;
    %set/v v0x2321550_0, 0, 2;
    %delay 2000, 0;
    %set/v v0x23211c0_0, 0, 1;
    %set/v v0x2321260_0, 1, 1;
    %set/v v0x2321310_0, 1, 1;
    %set/v v0x23213c0_0, 1, 1;
    %set/v v0x2321550_0, 0, 2;
    %delay 2000, 0;
    %set/v v0x23211c0_0, 1, 1;
    %set/v v0x2321260_0, 0, 1;
    %set/v v0x2321310_0, 0, 1;
    %set/v v0x23213c0_0, 0, 1;
    %set/v v0x2321550_0, 0, 2;
    %delay 2000, 0;
    %set/v v0x23211c0_0, 1, 1;
    %set/v v0x2321260_0, 0, 1;
    %set/v v0x2321310_0, 1, 1;
    %set/v v0x23213c0_0, 1, 1;
    %set/v v0x2321550_0, 0, 2;
    %delay 2000, 0;
    %set/v v0x23211c0_0, 1, 1;
    %set/v v0x2321260_0, 1, 1;
    %set/v v0x2321310_0, 1, 1;
    %set/v v0x23213c0_0, 1, 1;
    %set/v v0x2321550_0, 0, 2;
    %delay 2000, 0;
    %vpi_call 2 81 "$display", "Para s=01 \012";
    %set/v v0x23211c0_0, 0, 1;
    %set/v v0x2321260_0, 0, 1;
    %set/v v0x2321310_0, 0, 1;
    %set/v v0x23213c0_0, 0, 1;
    %movi 8, 1, 2;
    %set/v v0x2321550_0, 8, 2;
    %delay 2000, 0;
    %set/v v0x23211c0_0, 0, 1;
    %set/v v0x2321260_0, 0, 1;
    %set/v v0x2321310_0, 0, 1;
    %set/v v0x23213c0_0, 1, 1;
    %movi 8, 1, 2;
    %set/v v0x2321550_0, 8, 2;
    %delay 2000, 0;
    %set/v v0x23211c0_0, 0, 1;
    %set/v v0x2321260_0, 0, 1;
    %set/v v0x2321310_0, 1, 1;
    %set/v v0x23213c0_0, 1, 1;
    %movi 8, 1, 2;
    %set/v v0x2321550_0, 8, 2;
    %delay 2000, 0;
    %set/v v0x23211c0_0, 0, 1;
    %set/v v0x2321260_0, 1, 1;
    %set/v v0x2321310_0, 0, 1;
    %set/v v0x23213c0_0, 1, 1;
    %movi 8, 1, 2;
    %set/v v0x2321550_0, 8, 2;
    %delay 2000, 0;
    %set/v v0x23211c0_0, 0, 1;
    %set/v v0x2321260_0, 1, 1;
    %set/v v0x2321310_0, 1, 1;
    %set/v v0x23213c0_0, 1, 1;
    %movi 8, 1, 2;
    %set/v v0x2321550_0, 8, 2;
    %delay 2000, 0;
    %set/v v0x23211c0_0, 1, 1;
    %set/v v0x2321260_0, 0, 1;
    %set/v v0x2321310_0, 0, 1;
    %set/v v0x23213c0_0, 0, 1;
    %movi 8, 1, 2;
    %set/v v0x2321550_0, 8, 2;
    %delay 2000, 0;
    %set/v v0x23211c0_0, 1, 1;
    %set/v v0x2321260_0, 0, 1;
    %set/v v0x2321310_0, 1, 1;
    %set/v v0x23213c0_0, 1, 1;
    %movi 8, 1, 2;
    %set/v v0x2321550_0, 8, 2;
    %delay 2000, 0;
    %set/v v0x23211c0_0, 1, 1;
    %set/v v0x2321260_0, 1, 1;
    %set/v v0x2321310_0, 1, 1;
    %set/v v0x23213c0_0, 1, 1;
    %movi 8, 1, 2;
    %set/v v0x2321550_0, 8, 2;
    %delay 2000, 0;
    %vpi_call 2 139 "$display", "Para s=10 \012";
    %set/v v0x23211c0_0, 0, 1;
    %set/v v0x2321260_0, 0, 1;
    %set/v v0x2321310_0, 0, 1;
    %set/v v0x23213c0_0, 0, 1;
    %movi 8, 2, 2;
    %set/v v0x2321550_0, 8, 2;
    %delay 2000, 0;
    %set/v v0x23211c0_0, 0, 1;
    %set/v v0x2321260_0, 0, 1;
    %set/v v0x2321310_0, 0, 1;
    %set/v v0x23213c0_0, 1, 1;
    %movi 8, 2, 2;
    %set/v v0x2321550_0, 8, 2;
    %delay 2000, 0;
    %set/v v0x23211c0_0, 0, 1;
    %set/v v0x2321260_0, 0, 1;
    %set/v v0x2321310_0, 1, 1;
    %set/v v0x23213c0_0, 1, 1;
    %movi 8, 2, 2;
    %set/v v0x2321550_0, 8, 2;
    %delay 2000, 0;
    %set/v v0x23211c0_0, 0, 1;
    %set/v v0x2321260_0, 1, 1;
    %set/v v0x2321310_0, 0, 1;
    %set/v v0x23213c0_0, 1, 1;
    %movi 8, 2, 2;
    %set/v v0x2321550_0, 8, 2;
    %delay 2000, 0;
    %set/v v0x23211c0_0, 0, 1;
    %set/v v0x2321260_0, 1, 1;
    %set/v v0x2321310_0, 1, 1;
    %set/v v0x23213c0_0, 1, 1;
    %movi 8, 2, 2;
    %set/v v0x2321550_0, 8, 2;
    %delay 2000, 0;
    %set/v v0x23211c0_0, 1, 1;
    %set/v v0x2321260_0, 0, 1;
    %set/v v0x2321310_0, 0, 1;
    %set/v v0x23213c0_0, 0, 1;
    %movi 8, 2, 2;
    %set/v v0x2321550_0, 8, 2;
    %delay 2000, 0;
    %set/v v0x23211c0_0, 1, 1;
    %set/v v0x2321260_0, 0, 1;
    %set/v v0x2321310_0, 1, 1;
    %set/v v0x23213c0_0, 1, 1;
    %movi 8, 2, 2;
    %set/v v0x2321550_0, 8, 2;
    %delay 2000, 0;
    %set/v v0x23211c0_0, 1, 1;
    %set/v v0x2321260_0, 1, 1;
    %set/v v0x2321310_0, 1, 1;
    %set/v v0x23213c0_0, 1, 1;
    %movi 8, 2, 2;
    %set/v v0x2321550_0, 8, 2;
    %delay 2000, 0;
    %vpi_call 2 197 "$display", "Para s=11 \012";
    %set/v v0x23211c0_0, 0, 1;
    %set/v v0x2321260_0, 0, 1;
    %set/v v0x2321310_0, 0, 1;
    %set/v v0x23213c0_0, 0, 1;
    %set/v v0x2321550_0, 1, 2;
    %delay 2000, 0;
    %set/v v0x23211c0_0, 0, 1;
    %set/v v0x2321260_0, 0, 1;
    %set/v v0x2321310_0, 0, 1;
    %set/v v0x23213c0_0, 1, 1;
    %set/v v0x2321550_0, 1, 2;
    %delay 2000, 0;
    %set/v v0x23211c0_0, 0, 1;
    %set/v v0x2321260_0, 0, 1;
    %set/v v0x2321310_0, 1, 1;
    %set/v v0x23213c0_0, 1, 1;
    %set/v v0x2321550_0, 1, 2;
    %delay 2000, 0;
    %set/v v0x23211c0_0, 0, 1;
    %set/v v0x2321260_0, 1, 1;
    %set/v v0x2321310_0, 0, 1;
    %set/v v0x23213c0_0, 1, 1;
    %set/v v0x2321550_0, 1, 2;
    %delay 2000, 0;
    %set/v v0x23211c0_0, 0, 1;
    %set/v v0x2321260_0, 1, 1;
    %set/v v0x2321310_0, 1, 1;
    %set/v v0x23213c0_0, 1, 1;
    %set/v v0x2321550_0, 1, 2;
    %delay 2000, 0;
    %set/v v0x23211c0_0, 1, 1;
    %set/v v0x2321260_0, 0, 1;
    %set/v v0x2321310_0, 0, 1;
    %set/v v0x23213c0_0, 0, 1;
    %set/v v0x2321550_0, 1, 2;
    %delay 2000, 0;
    %set/v v0x23211c0_0, 1, 1;
    %set/v v0x2321260_0, 0, 1;
    %set/v v0x2321310_0, 1, 1;
    %set/v v0x23213c0_0, 1, 1;
    %set/v v0x2321550_0, 1, 2;
    %delay 2000, 0;
    %set/v v0x23211c0_0, 1, 1;
    %set/v v0x2321260_0, 1, 1;
    %set/v v0x2321310_0, 1, 1;
    %set/v v0x23213c0_0, 1, 1;
    %set/v v0x2321550_0, 1, 2;
    %delay 2000, 0;
    %vpi_call 2 254 "$finish";
    %end;
    .thread T_1;
# The file index is used to find the file name in the following table.
:file_names 4;
    "N/A";
    "<interactive>";
    "mux4_1_tb.v";
    "mux4_1.v";
